<?xml version="1.0" encoding="UTF-8"?>
<!-- Generated by org.testng.reporters.JUnitXMLReporter -->
<testsuite ignored="0" hostname="DESKTOP-58O3UPD" failures="1" tests="3" name="Test" time="37.474" errors="0" timestamp="05 Feb 2021 20:41:01 GMT">
  <testcase classname="com.Ecommerce.SkillRray.testScripts.FacebookLike" name="facebookLike" time="0.004">
    <failure type="java.lang.Error" message="Unresolved compilation problem: 
	driver123 cannot be resolved to a variable
">
      <![CDATA[java.lang.Error: Unresolved compilation problem: 
driver123 cannot be resolved to a variable

at com.Ecommerce.SkillRray.testScripts.FacebookLike.facebookLike(FacebookLike.java:21)
... Removed 25 stack frames]]>
    </failure>
  </testcase> <!-- facebookLike -->
  <testcase classname="com.Ecommerce.SkillRray.testScripts.Addtocart" name="addingcart" time="3.884"/>
  <testcase classname="com.Ecommerce.SkillRray.testScripts.TakingCourses" name="course" time="7.223"/>
</testsuite> <!-- Test -->
