<?xml version="1.0" encoding="UTF-8"?>
<testng-results ignored="0" total="1" passed="1" failed="0" skipped="0">
  <reporter-output>
  </reporter-output>
  <suite started-at="2021-02-05T20:42:03Z" name="Failed suite [Suite]" finished-at="2021-02-05T20:42:19Z" duration-ms="15964">
    <groups>
    </groups>
    <test started-at="2021-02-05T20:42:03Z" name="Test(failed)" finished-at="2021-02-05T20:42:19Z" duration-ms="15964">
      <class name="com.Ecommerce.SkillRray.testScripts.FacebookLike">
        <test-method is-config="true" signature="openapp()[pri:0, instance:com.Ecommerce.SkillRray.testScripts.FacebookLike@19d37183]" started-at="2021-02-05T20:42:03Z" name="openapp" finished-at="2021-02-05T20:42:11Z" duration-ms="8111" status="PASS">
          <reporter-output>
          </reporter-output>
        </test-method> <!-- openapp -->
        <test-method signature="facebookLike()[pri:0, instance:com.Ecommerce.SkillRray.testScripts.FacebookLike@19d37183]" started-at="2021-02-05T20:42:11Z" name="facebookLike" finished-at="2021-02-05T20:42:19Z" duration-ms="7182" status="PASS">
          <reporter-output>
          </reporter-output>
        </test-method> <!-- facebookLike -->
        <test-method is-config="true" signature="closeapp(org.testng.ITestResult)[pri:0, instance:com.Ecommerce.SkillRray.testScripts.FacebookLike@19d37183]" started-at="2021-02-05T20:42:19Z" name="closeapp" finished-at="2021-02-05T20:42:19Z" duration-ms="654" status="PASS">
          <params>
            <param index="0">
              <value>
                <![CDATA[[TestResult name=facebookLike status=SUCCESS method=FacebookLike.facebookLike()[pri:0, instance:com.Ecommerce.SkillRray.testScripts.FacebookLike@19d37183] output={null}]]]>
              </value>
            </param>
          </params>
          <reporter-output>
          </reporter-output>
        </test-method> <!-- closeapp -->
      </class> <!-- com.Ecommerce.SkillRray.testScripts.FacebookLike -->
    </test> <!-- Test(failed) -->
  </suite> <!-- Failed suite [Suite] -->
</testng-results>
